<?xml version="1.0" encoding="UTF-8"?>
<testsuite name="com.rtomyj.udemy.microservices.microservices.DemoApplicationTests" tests="1" skipped="0" failures="0" errors="0" timestamp="2020-04-23T01:17:13" hostname="OnTheGo.local" time="0.1">
  <properties/>
  <testcase name="contextLoads()" classname="com.rtomyj.udemy.microservices.microservices.DemoApplicationTests" time="0.1"/>
  <system-out><![CDATA[20:17:07.230 [Test worker] DEBUG org.springframework.test.context.BootstrapUtils - Instantiating CacheAwareContextLoaderDelegate from class [org.springframework.test.context.cache.DefaultCacheAwareContextLoaderDelegate]
20:17:07.249 [Test worker] DEBUG org.springframework.test.context.BootstrapUtils - Instantiating BootstrapContext using constructor [public org.springframework.test.context.support.DefaultBootstrapContext(java.lang.Class,org.springframework.test.context.CacheAwareContextLoaderDelegate)]
20:17:07.276 [Test worker] DEBUG org.springframework.test.context.BootstrapUtils - Instantiating TestContextBootstrapper for test class [com.rtomyj.udemy.microservices.microservices.DemoApplicationTests] from class [org.springframework.boot.test.context.SpringBootTestContextBootstrapper]
20:17:07.290 [Test worker] INFO org.springframework.boot.test.context.SpringBootTestContextBootstrapper - Neither @ContextConfiguration nor @ContextHierarchy found for test class [com.rtomyj.udemy.microservices.microservices.DemoApplicationTests], using SpringBootContextLoader
20:17:07.294 [Test worker] DEBUG org.springframework.test.context.support.AbstractContextLoader - Did not detect default resource location for test class [com.rtomyj.udemy.microservices.microservices.DemoApplicationTests]: class path resource [com/rtomyj/udemy/microservices/microservices/DemoApplicationTests-context.xml] does not exist
20:17:07.294 [Test worker] DEBUG org.springframework.test.context.support.AbstractContextLoader - Did not detect default resource location for test class [com.rtomyj.udemy.microservices.microservices.DemoApplicationTests]: class path resource [com/rtomyj/udemy/microservices/microservices/DemoApplicationTestsContext.groovy] does not exist
20:17:07.295 [Test worker] INFO org.springframework.test.context.support.AbstractContextLoader - Could not detect default resource locations for test class [com.rtomyj.udemy.microservices.microservices.DemoApplicationTests]: no resource found for suffixes {-context.xml, Context.groovy}.
20:17:07.296 [Test worker] INFO org.springframework.test.context.support.AnnotationConfigContextLoaderUtils - Could not detect default configuration classes for test class [com.rtomyj.udemy.microservices.microservices.DemoApplicationTests]: DemoApplicationTests does not declare any static, non-private, non-final, nested classes annotated with @Configuration.
20:17:07.332 [Test worker] DEBUG org.springframework.test.context.support.ActiveProfilesUtils - Could not find an 'annotation declaring class' for annotation type [org.springframework.test.context.ActiveProfiles] and class [com.rtomyj.udemy.microservices.microservices.DemoApplicationTests]
20:17:07.392 [Test worker] DEBUG org.springframework.context.annotation.ClassPathScanningCandidateComponentProvider - Identified candidate component class: file [/Users/onthego/Offline Docs/Tutorials/Udemy/microservices/SpringDataRest-XmlJSONSerialization-DevTools-Actuator/build/classes/java/main/com/rtomyj/udemy/microservices/microservices/DemoApplication.class]
20:17:07.398 [Test worker] INFO org.springframework.boot.test.context.SpringBootTestContextBootstrapper - Found @SpringBootConfiguration com.rtomyj.udemy.microservices.microservices.DemoApplication for test class com.rtomyj.udemy.microservices.microservices.DemoApplicationTests
20:17:07.487 [Test worker] DEBUG org.springframework.boot.test.context.SpringBootTestContextBootstrapper - @TestExecutionListeners is not present for class [com.rtomyj.udemy.microservices.microservices.DemoApplicationTests]: using defaults.
20:17:07.488 [Test worker] INFO org.springframework.boot.test.context.SpringBootTestContextBootstrapper - Loaded default TestExecutionListener class names from location [META-INF/spring.factories]: [org.springframework.boot.test.autoconfigure.restdocs.RestDocsTestExecutionListener, org.springframework.boot.test.autoconfigure.web.client.MockRestServiceServerResetTestExecutionListener, org.springframework.boot.test.autoconfigure.web.servlet.MockMvcPrintOnlyOnFailureTestExecutionListener, org.springframework.boot.test.autoconfigure.web.servlet.WebDriverTestExecutionListener, org.springframework.boot.test.mock.mockito.MockitoTestExecutionListener, org.springframework.boot.test.mock.mockito.ResetMocksTestExecutionListener, org.springframework.test.context.web.ServletTestExecutionListener, org.springframework.test.context.support.DirtiesContextBeforeModesTestExecutionListener, org.springframework.test.context.support.DependencyInjectionTestExecutionListener, org.springframework.test.context.support.DirtiesContextTestExecutionListener, org.springframework.test.context.transaction.TransactionalTestExecutionListener, org.springframework.test.context.jdbc.SqlScriptsTestExecutionListener, org.springframework.test.context.event.EventPublishingTestExecutionListener]
20:17:07.504 [Test worker] INFO org.springframework.boot.test.context.SpringBootTestContextBootstrapper - Using TestExecutionListeners: [org.springframework.test.context.web.ServletTestExecutionListener@4b247671, org.springframework.test.context.support.DirtiesContextBeforeModesTestExecutionListener@4ab5013c, org.springframework.boot.test.mock.mockito.MockitoTestExecutionListener@4bd23313, org.springframework.boot.test.autoconfigure.SpringBootDependencyInjectionTestExecutionListener@3a563636, org.springframework.test.context.support.DirtiesContextTestExecutionListener@52a958f3, org.springframework.test.context.transaction.TransactionalTestExecutionListener@30f70f7b, org.springframework.test.context.jdbc.SqlScriptsTestExecutionListener@6a67f8dd, org.springframework.test.context.event.EventPublishingTestExecutionListener@610b9421, org.springframework.boot.test.autoconfigure.restdocs.RestDocsTestExecutionListener@797d2633, org.springframework.boot.test.autoconfigure.web.client.MockRestServiceServerResetTestExecutionListener@71f962b0, org.springframework.boot.test.autoconfigure.web.servlet.MockMvcPrintOnlyOnFailureTestExecutionListener@240dcd42, org.springframework.boot.test.autoconfigure.web.servlet.WebDriverTestExecutionListener@191aef7e, org.springframework.boot.test.mock.mockito.ResetMocksTestExecutionListener@9461ed0]
20:17:07.508 [Test worker] DEBUG org.springframework.test.context.support.AbstractDirtiesContextTestExecutionListener - Before test class: context [DefaultTestContext@59f80dc5 testClass = DemoApplicationTests, testInstance = [null], testMethod = [null], testException = [null], mergedContextConfiguration = [WebMergedContextConfiguration@6b4c2a80 testClass = DemoApplicationTests, locations = '{}', classes = '{class com.rtomyj.udemy.microservices.microservices.DemoApplication}', contextInitializerClasses = '[]', activeProfiles = '{}', propertySourceLocations = '{}', propertySourceProperties = '{org.springframework.boot.test.context.SpringBootTestContextBootstrapper=true}', contextCustomizers = set[org.springframework.boot.test.autoconfigure.properties.PropertyMappingContextCustomizer@0, org.springframework.boot.test.autoconfigure.web.servlet.WebDriverContextCustomizerFactory$Customizer@4ce3462b, org.springframework.boot.test.context.filter.ExcludeFilterContextCustomizer@c85612f, org.springframework.boot.test.json.DuplicateJsonObjectContextCustomizerFactory$DuplicateJsonObjectContextCustomizer@21ddedd8, org.springframework.boot.test.mock.mockito.MockitoContextCustomizer@0, org.springframework.boot.test.web.client.TestRestTemplateContextCustomizer@6a890cf7], resourceBasePath = 'src/main/webapp', contextLoader = 'org.springframework.boot.test.context.SpringBootContextLoader', parent = [null]], attributes = map['org.springframework.test.context.web.ServletTestExecutionListener.activateListener' -> true]], class annotated with @DirtiesContext [false] with mode [null].
20:17:07.536 [Test worker] DEBUG org.springframework.test.context.support.TestPropertySourceUtils - Adding inlined properties to environment: {spring.jmx.enabled=false, org.springframework.boot.test.context.SpringBootTestContextBootstrapper=true, server.port=-1}

  .   ____          _            __ _ _
 /\\ / ___'_ __ _ _(_)_ __  __ _ \ \ \ \
( ( )\___ | '_ | '_| | '_ \/ _` | \ \ \ \
 \\/  ___)| |_)| | | | | || (_| |  ) ) ) )
  '  |____| .__|_| |_|_| |_\__, | / / / /
 =========|_|==============|___/=/_/_/_/
 :: Spring Boot ::        (v2.2.6.RELEASE)

2020-04-22 20:17:07.805  INFO 25584 --- [    Test worker] c.r.u.m.m.DemoApplicationTests           : Starting DemoApplicationTests on OnTheGo.local with PID 25584 (started by onthego in /Users/onthego/Offline Docs/Tutorials/Udemy/microservices/SpringDataRest-XmlJSONSerialization-DevTools-Actuator)
2020-04-22 20:17:07.806  INFO 25584 --- [    Test worker] c.r.u.m.m.DemoApplicationTests           : No active profile set, falling back to default profiles: default
2020-04-22 20:17:08.844  INFO 25584 --- [    Test worker] .s.d.r.c.RepositoryConfigurationDelegate : Bootstrapping Spring Data JPA repositories in DEFAULT mode.
2020-04-22 20:17:08.903  INFO 25584 --- [    Test worker] .s.d.r.c.RepositoryConfigurationDelegate : Finished Spring Data repository scanning in 50ms. Found 2 JPA repository interfaces.
2020-04-22 20:17:09.594  INFO 25584 --- [    Test worker] o.hibernate.jpa.internal.util.LogHelper  : HHH000204: Processing PersistenceUnitInfo [name: default]
2020-04-22 20:17:09.659  INFO 25584 --- [    Test worker] org.hibernate.Version                    : HHH000412: Hibernate ORM core version 5.4.12.Final
2020-04-22 20:17:09.809  INFO 25584 --- [    Test worker] o.hibernate.annotations.common.Version   : HCANN000001: Hibernate Commons Annotations {5.1.0.Final}
2020-04-22 20:17:09.912  INFO 25584 --- [    Test worker] com.zaxxer.hikari.HikariDataSource       : HikariPool-1 - Starting...
2020-04-22 20:17:09.917  WARN 25584 --- [    Test worker] com.zaxxer.hikari.util.DriverDataSource  : Registered driver with driverClassName=org.hsqldb.jdbcDriver was not found, trying direct instantiation.
2020-04-22 20:17:10.179  INFO 25584 --- [    Test worker] com.zaxxer.hikari.pool.PoolBase          : HikariPool-1 - Driver does not support get/set network timeout for connections. (feature not supported)
2020-04-22 20:17:10.182  INFO 25584 --- [    Test worker] com.zaxxer.hikari.HikariDataSource       : HikariPool-1 - Start completed.
2020-04-22 20:17:10.203  INFO 25584 --- [    Test worker] org.hibernate.dialect.Dialect            : HHH000400: Using dialect: org.hibernate.dialect.HSQLDialect
2020-04-22 20:17:10.904  INFO 25584 --- [    Test worker] o.h.e.t.j.p.i.JtaPlatformInitiator       : HHH000490: Using JtaPlatform implementation: [org.hibernate.engine.transaction.jta.platform.internal.NoJtaPlatform]
2020-04-22 20:17:10.910  INFO 25584 --- [    Test worker] j.LocalContainerEntityManagerFactoryBean : Initialized JPA EntityManagerFactory for persistence unit 'default'
2020-04-22 20:17:11.464  WARN 25584 --- [    Test worker] .c.m.RepositoryCollectionResourceMapping : @RestResource detected to customize the repository resource for com.rtomyj.udemy.microservices.microservices.Lab1.repository.PlayerRepository! Use @RepositoryRestResource instead!
2020-04-22 20:17:11.855  WARN 25584 --- [    Test worker] JpaBaseConfiguration$JpaWebConfiguration : spring.jpa.open-in-view is enabled by default. Therefore, database queries may be performed during view rendering. Explicitly configure spring.jpa.open-in-view to disable this warning
2020-04-22 20:17:12.222  INFO 25584 --- [    Test worker] o.s.s.concurrent.ThreadPoolTaskExecutor  : Initializing ExecutorService 'applicationTaskExecutor'
2020-04-22 20:17:13.073  INFO 25584 --- [    Test worker] o.s.b.a.e.web.EndpointLinksResolver      : Exposing 4 endpoint(s) beneath base path '/actuator'
2020-04-22 20:17:13.147  INFO 25584 --- [    Test worker] c.r.u.m.m.DemoApplicationTests           : Started DemoApplicationTests in 5.602 seconds (JVM running for 6.726)
]]></system-out>
  <system-err><![CDATA[]]></system-err>
</testsuite>
